20160817	client_type_unknown	FRS	s0028	0	1
20160817	wap_smart	FRS	s0001	0	5293
20160817	pc_web	INDEX	p0064	22395431	5060373
20160817	pc_web	INDEX	p0065	33591179	5359516
20160817	pc_web	INDEX	p0066	11197674	1487241
20160817	pc_web	INDEX	p0067	22395586	2657367
20160817	wap_smart	FRS	s0012	1413153	945166
20160817	wap_smart	FRS	s0013	0	4948
20160817	mobile_app	FRS	c0104	39998479	10362074
20160817	mobile_app	FRS	c0105	10686614	2359521
20160817	mobile_app	FRS	c0106	0	0
20160817	wap_smart	FRS	s0027	3367216	1218514
20160817	wap_smart	FRS	s0028	1354482	420529
20160817	mobile_app	FRS	c0001	12936176	4449847
20160817	mobile_app	FRS	c0002	593	0
20160817	mobile_app	FRS	c0003	593	0
20160817	wap_smart	PB	s0007	0	119
20160817	mobile_app	FRS	c0010	47684862	0
20160817	pc_web	PAGE_TYPE_UNKNOWN	p0064	0	88
20160817	pc_web	PAGE_TYPE_UNKNOWN	p0065	0	46
20160817	pc_web	PAGE_TYPE_UNKNOWN	p0066	0	1
20160817	pc_web	PAGE_TYPE_UNKNOWN	p0067	0	2
20160817	mobile_app	PB	c0106	19318955	13540391
20160817	mobile_app	FRS	c0135	39881255	7484833
20160817	wap_smart	FRS	s0050	3326142	661073
20160817	mobile_app	PB	c0111	0	651670
20160817	wap_smart	PB	s0029	0	644
20160817	client_type_unknown	INDEX	p0064	0	86
20160817	client_type_unknown	INDEX	p0065	0	43
20160817	client_type_unknown	INDEX	p0066	0	0
20160817	client_type_unknown	INDEX	p0067	0	0
20160817	pc_web	FRS	p0001	3	164
20160817	pc_web	FRS	p0004	0	53
20160817	pc_web	FRS	p0005	0	1
20160817	pc_web	FRS	p0238	0	7
20160817	pc_web	FRS	p0013	40153924	7873920
20160817	pc_web	FRS	p0014	31472689	4805139
20160817	pc_web	FRS	p0015	36758198	6088507
20160817	pc_web	PB	p0006	29	383
20160817	pc_web	PB	p0239	0	22
20160817	pc_web	PB	p0013	43618451	19789668
20160817	pc_web	PB	p0014	43694115	20489104
20160817	pc_web	PB	p0015	29254493	16542758
20160817	pc_web	PB	p0017	43694122	22457756
20160817	wap_smart	PAGE_TYPE_UNKNOWN	s0027	0	0
20160817	client_type_unknown	PB	p0014	0	1
20160817	mobile_app	OT	c0111	6541159	0
20160817	mobile_app	FRS	C0135	0	19
20160817	wap_smart	FRS	S0050	0	51
20160818	wap_smart	FRS	s0050	3082616	617953
20160818	mobile_app	PB	c0111	0	683918
20160818	wap_smart	PB	s0029	0	369
20160818	pc_web	FRS	p0001	88263	17278
20160818	pc_web	FRS	p0004	2998914	262892
20160818	pc_web	FRS	p0238	0	6
20160818	pc_web	FRS	p0013	69648358	11127205
20160818	pc_web	FRS	p0014	34935499	5256121
20160818	pc_web	FRS	p0015	68390991	8953500
20160818	pc_web	PB	p0006	1076145	605874
20160818	pc_web	PB	p0239	14387348	4910821
20160818	pc_web	PB	p0013	46791454	20845222
20160818	pc_web	PB	p0014	46791443	21469738
20160818	pc_web	PB	p0015	44917909	23034724
20160818	pc_web	PB	p0017	46791451	23563688
20160818	pc_web	PB	p0064	0	2
20160818	client_type_unknown	PB	p0015	0	1
20160818	mobile_app	OT	c0111	7006735	0
20160818	mobile_app	FRS	C0135	0	36
20160818	wap_smart	FRS	S0050	0	67
20160818	pc_web	PAGE_TYPE_UNKNOWN	p0015	0	2
20160818	wap_smart	FRS	s0001	33802	26766
20160818	pc_web	INDEX	p0064	22174908	5133715
20160818	pc_web	INDEX	p0065	33225446	5427914
20160818	pc_web	INDEX	p0066	11087757	1505854
20160818	pc_web	INDEX	p0067	22175508	2682056
20160818	wap_smart	FRS	s0012	1520645	1056153
20160818	wap_smart	FRS	s0013	0	3070
20160818	mobile_app	FRS	c0104	35772130	10441410
20160818	mobile_app	FRS	c0105	30717152	6250728
20160818	mobile_app	PAGE_TYPE_UNKNOWN	c0135	0	1
20160818	wap_smart	FRS	s0027	3381634	1146816
20160818	wap_smart	FRS	s0028	1477257	444240
20160818	mobile_app	FRS	c0001	27533416	9247341
20160818	mobile_app	FRS	c0002	584	0
20160818	mobile_app	FRS	c0003	584	0
20160818	wap_smart	PB	s0007	251335	111415
20160818	mobile_app	FRS	c0010	70645729	0
20160818	pc_web	PAGE_TYPE_UNKNOWN	p0065	0	3
20160818	pc_web	PAGE_TYPE_UNKNOWN	p0066	0	1
20160818	mobile_app	PB	c0106	39218144	27555921
20160818	mobile_app	FRS	c0135	35657016	7531760
20160819	pc_web	FRS	p0013	60370625	9912200
20160819	pc_web	FRS	p0014	30508983	4880179
20160819	pc_web	FRS	p0015	64270346	8771308
20160819	pc_web	PB	p0006	2795753	1602718
20160819	pc_web	PB	p0239	24698035	2955254
20160819	pc_web	PB	p0013	41641123	19808063
20160819	pc_web	PB	p0014	41641108	20371874
20160819	pc_web	PB	p0015	39854848	21826555
20160819	pc_web	PB	p0017	41641123	22337046
20160819	pc_web	PB	p0064	0	2
20160819	pc_web	PB	p0065	0	3
20160819	mobile_app	OT	c0111	6625655	0
20160819	mobile_app	FRS	C0135	0	18
20160819	wap_smart	FRS	S0050	0	66
20160819	pc_web	PAGE_TYPE_UNKNOWN	p0006	0	3
20160819	pc_web	PAGE_TYPE_UNKNOWN	p0013	0	5
20160819	pc_web	PAGE_TYPE_UNKNOWN	p0014	0	3
20160819	pc_web	PAGE_TYPE_UNKNOWN	p0015	0	5
20160819	pc_web	PAGE_TYPE_UNKNOWN	p0017	0	3
20160819	wap_smart	FRS	s0001	58618	42813
20160819	pc_web	INDEX	p0064	22558008	4873122
20160819	pc_web	INDEX	p0065	33844865	5183193
20160819	pc_web	INDEX	p0066	11281667	1432180
20160819	pc_web	INDEX	p0067	22564536	2546901
20160819	wap_smart	FRS	s0012	717362	573498
20160819	wap_smart	FRS	s0013	0	2008
20160819	mobile_app	FRS	c0104	39111529	11627623
20160819	mobile_app	FRS	c0105	29191420	6097430
20160819	mobile_app	FRS	c0106	0	0
20160819	mobile_app	FRS	c0335	0	1
20160819	wap_smart	FRS	s0027	3876418	1446219
20160819	wap_smart	FRS	s0028	702681	206248
20160819	mobile_app	FRS	c0001	26442212	8835860
20160819	mobile_app	FRS	c0002	588	0
20160819	mobile_app	FRS	c0003	588	0
20160819	wap_smart	PB	s0007	609548	272137
20160819	mobile_app	FRS	c0010	65517291	0
20160819	pc_web	PAGE_TYPE_UNKNOWN	p0064	0	176
20160819	pc_web	PAGE_TYPE_UNKNOWN	p0065	0	3
20160819	pc_web	PAGE_TYPE_UNKNOWN	p0066	0	1
20160819	pc_web	PAGE_TYPE_UNKNOWN	p0067	0	2
20160819	mobile_app	PB	c0106	36743146	25662222
20160819	mobile_app	FRS	c0135	31560554	6836148
20160819	wap_smart	FRS	s0050	3375018	682084
20160819	mobile_app	PB	c0111	0	641300
20160819	wap_smart	PB	s0029	0	270
20160819	client_type_unknown	INDEX	p0064	0	190
20160819	client_type_unknown	INDEX	p0065	0	0
20160819	client_type_unknown	INDEX	p0066	0	0
20160819	client_type_unknown	INDEX	p0067	0	0
20160819	pc_web	FRS	p0001	167718	48111
20160819	pc_web	FRS	p0004	8495151	765379
20160819	pc_web	FRS	p0238	0	3
